<?xml version="1.0" encoding="UTF-8"?>
<testng-results skipped="0" failed="0" total="1" passed="1">
  <reporter-output>
  </reporter-output>
  <suite name="Suite" duration-ms="19784" started-at="2017-10-25T07:37:28Z" finished-at="2017-10-25T07:37:48Z">
    <groups>
    </groups>
    <test name="Test" duration-ms="19784" started-at="2017-10-25T07:37:28Z" finished-at="2017-10-25T07:37:48Z">
      <class name="jenkinsDemo.Demo">
        <test-method status="PASS" signature="main()[pri:0, instance:jenkinsDemo.Demo@51081592]" name="main" duration-ms="19738" started-at="2017-10-25T00:37:28Z" finished-at="2017-10-25T00:37:48Z">
          <reporter-output>
          </reporter-output>
        </test-method> <!-- main -->
      </class> <!-- jenkinsDemo.Demo -->
    </test> <!-- Test -->
  </suite> <!-- Suite -->
</testng-results>
